[1.825s] Invoking command in '/home/samsanchez/Documents/Robotics/ROS/ROS2-Humble-Turtlesim/ros2_ws/src/my_turtle_controller': PYTHONPATH=/home/samsanchez/Documents/Robotics/ROS/ROS2-Humble-Turtlesim/ros2_ws/build/my_turtle_controller/prefix_override:/usr/lib/python3/dist-packages/colcon_core/task/python/colcon_distutils_commands:/home/samsanchez/Documents/Robotics/ROS/ROS2-Humble-Turtlesim/ros2_ws/install/my_turtle_controller/lib/python3.10/site-packages:${PYTHONPATH} /usr/bin/python3 -W ignore:setup.py install is deprecated -W ignore:easy_install command is deprecated setup.py egg_info --egg-base ../../build/my_turtle_controller build --build-base /home/samsanchez/Documents/Robotics/ROS/ROS2-Humble-Turtlesim/ros2_ws/build/my_turtle_controller/build install --record /home/samsanchez/Documents/Robotics/ROS/ROS2-Humble-Turtlesim/ros2_ws/build/my_turtle_controller/install.log --single-version-externally-managed install_data
[2.413s] running egg_info
[2.417s] writing ../../build/my_turtle_controller/my_turtle_controller.egg-info/PKG-INFO
[2.417s] writing dependency_links to ../../build/my_turtle_controller/my_turtle_controller.egg-info/dependency_links.txt
[2.424s] writing entry points to ../../build/my_turtle_controller/my_turtle_controller.egg-info/entry_points.txt
[2.424s] writing requirements to ../../build/my_turtle_controller/my_turtle_controller.egg-info/requires.txt
[2.424s] writing top-level names to ../../build/my_turtle_controller/my_turtle_controller.egg-info/top_level.txt
[2.435s] reading manifest file '../../build/my_turtle_controller/my_turtle_controller.egg-info/SOURCES.txt'
[2.436s] writing manifest file '../../build/my_turtle_controller/my_turtle_controller.egg-info/SOURCES.txt'
[2.438s] running build
[2.438s] running build_py
[2.440s] copying my_turtle_controller/move_turtle.py -> /home/samsanchez/Documents/Robotics/ROS/ROS2-Humble-Turtlesim/ros2_ws/build/my_turtle_controller/build/lib/my_turtle_controller
[2.441s] running install
[2.441s] running install_lib
[2.441s] copying /home/samsanchez/Documents/Robotics/ROS/ROS2-Humble-Turtlesim/ros2_ws/build/my_turtle_controller/build/lib/my_turtle_controller/move_turtle.py -> /home/samsanchez/Documents/Robotics/ROS/ROS2-Humble-Turtlesim/ros2_ws/install/my_turtle_controller/lib/python3.10/site-packages/my_turtle_controller
[2.446s] byte-compiling /home/samsanchez/Documents/Robotics/ROS/ROS2-Humble-Turtlesim/ros2_ws/install/my_turtle_controller/lib/python3.10/site-packages/my_turtle_controller/move_turtle.py to move_turtle.cpython-310.pyc
[2.454s] running install_data
[2.454s] running install_egg_info
[2.454s] removing '/home/samsanchez/Documents/Robotics/ROS/ROS2-Humble-Turtlesim/ros2_ws/install/my_turtle_controller/lib/python3.10/site-packages/my_turtle_controller-0.0.0-py3.10.egg-info' (and everything under it)
[2.457s] Copying ../../build/my_turtle_controller/my_turtle_controller.egg-info to /home/samsanchez/Documents/Robotics/ROS/ROS2-Humble-Turtlesim/ros2_ws/install/my_turtle_controller/lib/python3.10/site-packages/my_turtle_controller-0.0.0-py3.10.egg-info
[2.460s] running install_scripts
[2.495s] Installing move_turtle script to /home/samsanchez/Documents/Robotics/ROS/ROS2-Humble-Turtlesim/ros2_ws/install/my_turtle_controller/lib/my_turtle_controller
[2.498s] writing list of installed files to '/home/samsanchez/Documents/Robotics/ROS/ROS2-Humble-Turtlesim/ros2_ws/build/my_turtle_controller/install.log'
[2.542s] Invoked command in '/home/samsanchez/Documents/Robotics/ROS/ROS2-Humble-Turtlesim/ros2_ws/src/my_turtle_controller' returned '0': PYTHONPATH=/home/samsanchez/Documents/Robotics/ROS/ROS2-Humble-Turtlesim/ros2_ws/build/my_turtle_controller/prefix_override:/usr/lib/python3/dist-packages/colcon_core/task/python/colcon_distutils_commands:/home/samsanchez/Documents/Robotics/ROS/ROS2-Humble-Turtlesim/ros2_ws/install/my_turtle_controller/lib/python3.10/site-packages:${PYTHONPATH} /usr/bin/python3 -W ignore:setup.py install is deprecated -W ignore:easy_install command is deprecated setup.py egg_info --egg-base ../../build/my_turtle_controller build --build-base /home/samsanchez/Documents/Robotics/ROS/ROS2-Humble-Turtlesim/ros2_ws/build/my_turtle_controller/build install --record /home/samsanchez/Documents/Robotics/ROS/ROS2-Humble-Turtlesim/ros2_ws/build/my_turtle_controller/install.log --single-version-externally-managed install_data
