[0.842s] Invoking command in '/home/samsanchez/Documents/Robotics/ROS/ROS2-Humble-Turtlesim/ros2_ws/src/my_turtle_controller': PYTHONPATH=/home/samsanchez/Documents/Robotics/ROS/ROS2-Humble-Turtlesim/ros2_ws/build/my_turtle_controller/prefix_override:/usr/lib/python3/dist-packages/colcon_core/task/python/colcon_distutils_commands:/home/samsanchez/Documents/Robotics/ROS/ROS2-Humble-Turtlesim/ros2_ws/install/my_turtle_controller/lib/python3.10/site-packages:${PYTHONPATH} /usr/bin/python3 -W ignore:setup.py install is deprecated -W ignore:easy_install command is deprecated setup.py egg_info --egg-base ../../build/my_turtle_controller build --build-base /home/samsanchez/Documents/Robotics/ROS/ROS2-Humble-Turtlesim/ros2_ws/build/my_turtle_controller/build install --record /home/samsanchez/Documents/Robotics/ROS/ROS2-Humble-Turtlesim/ros2_ws/build/my_turtle_controller/install.log --single-version-externally-managed install_data
[1.145s] running egg_info
[1.146s] writing ../../build/my_turtle_controller/my_turtle_controller.egg-info/PKG-INFO
[1.147s] writing dependency_links to ../../build/my_turtle_controller/my_turtle_controller.egg-info/dependency_links.txt
[1.149s] writing entry points to ../../build/my_turtle_controller/my_turtle_controller.egg-info/entry_points.txt
[1.149s] writing requirements to ../../build/my_turtle_controller/my_turtle_controller.egg-info/requires.txt
[1.149s] writing top-level names to ../../build/my_turtle_controller/my_turtle_controller.egg-info/top_level.txt
[1.153s] reading manifest file '../../build/my_turtle_controller/my_turtle_controller.egg-info/SOURCES.txt'
[1.155s] writing manifest file '../../build/my_turtle_controller/my_turtle_controller.egg-info/SOURCES.txt'
[1.156s] running build
[1.157s] running build_py
[1.157s] copying my_turtle_controller/move_turtle.py -> /home/samsanchez/Documents/Robotics/ROS/ROS2-Humble-Turtlesim/ros2_ws/build/my_turtle_controller/build/lib/my_turtle_controller
[1.158s] running install
[1.158s] running install_lib
[1.160s] copying /home/samsanchez/Documents/Robotics/ROS/ROS2-Humble-Turtlesim/ros2_ws/build/my_turtle_controller/build/lib/my_turtle_controller/move_turtle.py -> /home/samsanchez/Documents/Robotics/ROS/ROS2-Humble-Turtlesim/ros2_ws/install/my_turtle_controller/lib/python3.10/site-packages/my_turtle_controller
[1.160s] byte-compiling /home/samsanchez/Documents/Robotics/ROS/ROS2-Humble-Turtlesim/ros2_ws/install/my_turtle_controller/lib/python3.10/site-packages/my_turtle_controller/move_turtle.py to move_turtle.cpython-310.pyc
[1.163s] running install_data
[1.164s] running install_egg_info
[1.165s] removing '/home/samsanchez/Documents/Robotics/ROS/ROS2-Humble-Turtlesim/ros2_ws/install/my_turtle_controller/lib/python3.10/site-packages/my_turtle_controller-0.0.0-py3.10.egg-info' (and everything under it)
[1.166s] Copying ../../build/my_turtle_controller/my_turtle_controller.egg-info to /home/samsanchez/Documents/Robotics/ROS/ROS2-Humble-Turtlesim/ros2_ws/install/my_turtle_controller/lib/python3.10/site-packages/my_turtle_controller-0.0.0-py3.10.egg-info
[1.167s] running install_scripts
[1.194s] Installing move_turtle script to /home/samsanchez/Documents/Robotics/ROS/ROS2-Humble-Turtlesim/ros2_ws/install/my_turtle_controller/lib/my_turtle_controller
[1.194s] writing list of installed files to '/home/samsanchez/Documents/Robotics/ROS/ROS2-Humble-Turtlesim/ros2_ws/build/my_turtle_controller/install.log'
[1.237s] Invoked command in '/home/samsanchez/Documents/Robotics/ROS/ROS2-Humble-Turtlesim/ros2_ws/src/my_turtle_controller' returned '0': PYTHONPATH=/home/samsanchez/Documents/Robotics/ROS/ROS2-Humble-Turtlesim/ros2_ws/build/my_turtle_controller/prefix_override:/usr/lib/python3/dist-packages/colcon_core/task/python/colcon_distutils_commands:/home/samsanchez/Documents/Robotics/ROS/ROS2-Humble-Turtlesim/ros2_ws/install/my_turtle_controller/lib/python3.10/site-packages:${PYTHONPATH} /usr/bin/python3 -W ignore:setup.py install is deprecated -W ignore:easy_install command is deprecated setup.py egg_info --egg-base ../../build/my_turtle_controller build --build-base /home/samsanchez/Documents/Robotics/ROS/ROS2-Humble-Turtlesim/ros2_ws/build/my_turtle_controller/build install --record /home/samsanchez/Documents/Robotics/ROS/ROS2-Humble-Turtlesim/ros2_ws/build/my_turtle_controller/install.log --single-version-externally-managed install_data
