[0.856s] Invoking command in '/home/samsanchez/Documents/Robotics/ROS/ROS2-Humble-Turtlesim/ros2_ws/src/my_turtle_controller': PYTHONPATH=/home/samsanchez/Documents/Robotics/ROS/ROS2-Humble-Turtlesim/ros2_ws/build/my_turtle_controller/prefix_override:/usr/lib/python3/dist-packages/colcon_core/task/python/colcon_distutils_commands:/home/samsanchez/Documents/Robotics/ROS/ROS2-Humble-Turtlesim/ros2_ws/install/my_turtle_controller/lib/python3.10/site-packages:${PYTHONPATH} /usr/bin/python3 -W ignore:setup.py install is deprecated -W ignore:easy_install command is deprecated setup.py egg_info --egg-base ../../build/my_turtle_controller build --build-base /home/samsanchez/Documents/Robotics/ROS/ROS2-Humble-Turtlesim/ros2_ws/build/my_turtle_controller/build install --record /home/samsanchez/Documents/Robotics/ROS/ROS2-Humble-Turtlesim/ros2_ws/build/my_turtle_controller/install.log --single-version-externally-managed install_data
[1.120s] running egg_info
[1.122s] writing ../../build/my_turtle_controller/my_turtle_controller.egg-info/PKG-INFO
[1.123s] writing dependency_links to ../../build/my_turtle_controller/my_turtle_controller.egg-info/dependency_links.txt
[1.123s] writing entry points to ../../build/my_turtle_controller/my_turtle_controller.egg-info/entry_points.txt
[1.123s] writing requirements to ../../build/my_turtle_controller/my_turtle_controller.egg-info/requires.txt
[1.125s] writing top-level names to ../../build/my_turtle_controller/my_turtle_controller.egg-info/top_level.txt
[1.127s] reading manifest file '../../build/my_turtle_controller/my_turtle_controller.egg-info/SOURCES.txt'
[1.128s] writing manifest file '../../build/my_turtle_controller/my_turtle_controller.egg-info/SOURCES.txt'
[1.129s] running build
[1.129s] running build_py
[1.130s] running install
[1.130s] running install_lib
[1.132s] running install_data
[1.132s] running install_egg_info
[1.135s] removing '/home/samsanchez/Documents/Robotics/ROS/ROS2-Humble-Turtlesim/ros2_ws/install/my_turtle_controller/lib/python3.10/site-packages/my_turtle_controller-0.0.0-py3.10.egg-info' (and everything under it)
[1.135s] Copying ../../build/my_turtle_controller/my_turtle_controller.egg-info to /home/samsanchez/Documents/Robotics/ROS/ROS2-Humble-Turtlesim/ros2_ws/install/my_turtle_controller/lib/python3.10/site-packages/my_turtle_controller-0.0.0-py3.10.egg-info
[1.140s] running install_scripts
[1.163s] Installing move_turtle script to /home/samsanchez/Documents/Robotics/ROS/ROS2-Humble-Turtlesim/ros2_ws/install/my_turtle_controller/lib/my_turtle_controller
[1.163s] writing list of installed files to '/home/samsanchez/Documents/Robotics/ROS/ROS2-Humble-Turtlesim/ros2_ws/build/my_turtle_controller/install.log'
[1.206s] Invoked command in '/home/samsanchez/Documents/Robotics/ROS/ROS2-Humble-Turtlesim/ros2_ws/src/my_turtle_controller' returned '0': PYTHONPATH=/home/samsanchez/Documents/Robotics/ROS/ROS2-Humble-Turtlesim/ros2_ws/build/my_turtle_controller/prefix_override:/usr/lib/python3/dist-packages/colcon_core/task/python/colcon_distutils_commands:/home/samsanchez/Documents/Robotics/ROS/ROS2-Humble-Turtlesim/ros2_ws/install/my_turtle_controller/lib/python3.10/site-packages:${PYTHONPATH} /usr/bin/python3 -W ignore:setup.py install is deprecated -W ignore:easy_install command is deprecated setup.py egg_info --egg-base ../../build/my_turtle_controller build --build-base /home/samsanchez/Documents/Robotics/ROS/ROS2-Humble-Turtlesim/ros2_ws/build/my_turtle_controller/build install --record /home/samsanchez/Documents/Robotics/ROS/ROS2-Humble-Turtlesim/ros2_ws/build/my_turtle_controller/install.log --single-version-externally-managed install_data
